<?xml version="1.0" encoding="UTF-8"?>
<testng-results ignored="0" total="1" passed="1" failed="0" skipped="0">
  <reporter-output>
  </reporter-output>
  <suite started-at="2022-04-17T22:49:58 PDT" name="Default suite" finished-at="2022-04-17T22:51:19 PDT" duration-ms="80922">
    <groups>
    </groups>
    <test started-at="2022-04-17T22:49:58 PDT" name="Default test" finished-at="2022-04-17T22:51:19 PDT" duration-ms="80922">
      <class name="tests.Tests">
        <test-method is-config="true" signature="Start()[pri:0, instance:tests.Tests@48d293ee]" started-at="2022-04-17T22:49:58 PDT" name="Start" finished-at="2022-04-17T22:50:22 PDT" duration-ms="23974" status="PASS">
          <reporter-output>
          </reporter-output>
        </test-method> <!-- Start -->
        <test-method signature="testcase()[pri:0, instance:tests.Tests@48d293ee]" started-at="2022-04-17T22:50:22 PDT" name="testcase" finished-at="2022-04-17T22:51:18 PDT" duration-ms="55197" status="PASS">
          <reporter-output>
          </reporter-output>
        </test-method> <!-- testcase -->
      </class> <!-- tests.Tests -->
    </test> <!-- Default test -->
  </suite> <!-- Default suite -->
</testng-results>
